The input linear program is :

Maximize  0x_0 +0x_1 +0x_2 +0x_3 +0x_4 +0x_5 +0x_6 +0x_7 +0x_8 +1x_9 +0x_10 +0x_11 +0x_12 +0x_13 +0x_14 +0x_15 +0x_16 +0x_17 +0x_18 +0x_19 +0x_20 +0x_21 +0x_22 +0x_23 +0x_24 +0x_25 +0x_26 +0x_27 +0x_28 +0x_29
Such that 1x_0 +0x_1 +0x_2 +0x_3 +0x_4 +0x_5 +0x_6 +0x_7 +0x_8 +0x_9 -1x_10 +0x_11 +0x_12 +0x_13 +0x_14 +0x_15 +0x_16 +0x_17 +0x_18 +0x_19 +0x_20 +0x_21 +0x_22 +0x_23 +0x_24 +0x_25 +0x_26 +0x_27 +0x_28 +0x_29 <= 1/1000
          -1x_0 +0x_1 +0x_2 +0x_3 +0x_4 +0x_5 +0x_6 +0x_7 +0x_8 +0x_9 +1x_10 +0x_11 +0x_12 +0x_13 +0x_14 +0x_15 +0x_16 +0x_17 +0x_18 +0x_19 +0x_20 +0x_21 +0x_22 +0x_23 +0x_24 +0x_25 +0x_26 +0x_27 +0x_28 +0x_29 <= -1/1000
          1x_0 +0x_1 +0x_2 +0x_3 +0x_4 +0x_5 +0x_6 +0x_7 +0x_8 +0x_9 +0x_10 +0x_11 +0x_12 +0x_13 +0x_14 +0x_15 +0x_16 +0x_17 +0x_18 +0x_19 +1x_20 +0x_21 +0x_22 +0x_23 +0x_24 +0x_25 +0x_26 +0x_27 +0x_28 +0x_29 <= 1
          -1x_0 +0x_1 +0x_2 +0x_3 +0x_4 +0x_5 +0x_6 +0x_7 +0x_8 +0x_9 +0x_10 +0x_11 +0x_12 +0x_13 +0x_14 +0x_15 +0x_16 +0x_17 +0x_18 +0x_19 -1x_20 +0x_21 +0x_22 +0x_23 +0x_24 +0x_25 +0x_26 +0x_27 +0x_28 +0x_29 <= -1
          -1/1000x_0 +1x_1 +0x_2 +0x_3 +0x_4 +0x_5 +0x_6 +0x_7 +0x_8 +0x_9 +0x_10 -1x_11 +0x_12 +0x_13 +0x_14 +0x_15 +0x_16 +0x_17 +0x_18 +0x_19 +0x_20 +0x_21 +0x_22 +0x_23 +0x_24 +0x_25 +0x_26 +0x_27 +0x_28 +0x_29 <= 0
          1/1000x_0 -1x_1 +0x_2 +0x_3 +0x_4 +0x_5 +0x_6 +0x_7 +0x_8 +0x_9 +0x_10 +1x_11 +0x_12 +0x_13 +0x_14 +0x_15 +0x_16 +0x_17 +0x_18 +0x_19 +0x_20 +0x_21 +0x_22 +0x_23 +0x_24 +0x_25 +0x_26 +0x_27 +0x_28 +0x_29 <= 0
          1/1000x_0 +1x_1 +0x_2 +0x_3 +0x_4 +0x_5 +0x_6 +0x_7 +0x_8 +0x_9 +0x_10 +0x_11 +0x_12 +0x_13 +0x_14 +0x_15 +0x_16 +0x_17 +0x_18 +0x_19 +0x_20 +1x_21 +0x_22 +0x_23 +0x_24 +0x_25 +0x_26 +0x_27 +0x_28 +0x_29 <= 1
          -1/1000x_0 -1x_1 +0x_2 +0x_3 +0x_4 +0x_5 +0x_6 +0x_7 +0x_8 +0x_9 +0x_10 +0x_11 +0x_12 +0x_13 +0x_14 +0x_15 +0x_16 +0x_17 +0x_18 +0x_19 +0x_20 -1x_21 +0x_22 +0x_23 +0x_24 +0x_25 +0x_26 +0x_27 +0x_28 +0x_29 <= -1
          0x_0 -1/1000x_1 +1x_2 +0x_3 +0x_4 +0x_5 +0x_6 +0x_7 +0x_8 +0x_9 +0x_10 +0x_11 -1x_12 +0x_13 +0x_14 +0x_15 +0x_16 +0x_17 +0x_18 +0x_19 +0x_20 +0x_21 +0x_22 +0x_23 +0x_24 +0x_25 +0x_26 +0x_27 +0x_28 +0x_29 <= 0
          0x_0 +1/1000x_1 -1x_2 +0x_3 +0x_4 +0x_5 +0x_6 +0x_7 +0x_8 +0x_9 +0x_10 +0x_11 +1x_12 +0x_13 +0x_14 +0x_15 +0x_16 +0x_17 +0x_18 +0x_19 +0x_20 +0x_21 +0x_22 +0x_23 +0x_24 +0x_25 +0x_26 +0x_27 +0x_28 +0x_29 <= 0
          0x_0 +1/1000x_1 +1x_2 +0x_3 +0x_4 +0x_5 +0x_6 +0x_7 +0x_8 +0x_9 +0x_10 +0x_11 +0x_12 +0x_13 +0x_14 +0x_15 +0x_16 +0x_17 +0x_18 +0x_19 +0x_20 +0x_21 +1x_22 +0x_23 +0x_24 +0x_25 +0x_26 +0x_27 +0x_28 +0x_29 <= 1
          0x_0 -1/1000x_1 -1x_2 +0x_3 +0x_4 +0x_5 +0x_6 +0x_7 +0x_8 +0x_9 +0x_10 +0x_11 +0x_12 +0x_13 +0x_14 +0x_15 +0x_16 +0x_17 +0x_18 +0x_19 +0x_20 +0x_21 -1x_22 +0x_23 +0x_24 +0x_25 +0x_26 +0x_27 +0x_28 +0x_29 <= -1
          0x_0 +0x_1 -1/1000x_2 +1x_3 +0x_4 +0x_5 +0x_6 +0x_7 +0x_8 +0x_9 +0x_10 +0x_11 +0x_12 -1x_13 +0x_14 +0x_15 +0x_16 +0x_17 +0x_18 +0x_19 +0x_20 +0x_21 +0x_22 +0x_23 +0x_24 +0x_25 +0x_26 +0x_27 +0x_28 +0x_29 <= 0
          0x_0 +0x_1 +1/1000x_2 -1x_3 +0x_4 +0x_5 +0x_6 +0x_7 +0x_8 +0x_9 +0x_10 +0x_11 +0x_12 +1x_13 +0x_14 +0x_15 +0x_16 +0x_17 +0x_18 +0x_19 +0x_20 +0x_21 +0x_22 +0x_23 +0x_24 +0x_25 +0x_26 +0x_27 +0x_28 +0x_29 <= 0
          0x_0 +0x_1 +1/1000x_2 +1x_3 +0x_4 +0x_5 +0x_6 +0x_7 +0x_8 +0x_9 +0x_10 +0x_11 +0x_12 +0x_13 +0x_14 +0x_15 +0x_16 +0x_17 +0x_18 +0x_19 +0x_20 +0x_21 +0x_22 +1x_23 +0x_24 +0x_25 +0x_26 +0x_27 +0x_28 +0x_29 <= 1
          0x_0 +0x_1 -1/1000x_2 -1x_3 +0x_4 +0x_5 +0x_6 +0x_7 +0x_8 +0x_9 +0x_10 +0x_11 +0x_12 +0x_13 +0x_14 +0x_15 +0x_16 +0x_17 +0x_18 +0x_19 +0x_20 +0x_21 +0x_22 -1x_23 +0x_24 +0x_25 +0x_26 +0x_27 +0x_28 +0x_29 <= -1
          0x_0 +0x_1 +0x_2 -1/1000x_3 +1x_4 +0x_5 +0x_6 +0x_7 +0x_8 +0x_9 +0x_10 +0x_11 +0x_12 +0x_13 -1x_14 +0x_15 +0x_16 +0x_17 +0x_18 +0x_19 +0x_20 +0x_21 +0x_22 +0x_23 +0x_24 +0x_25 +0x_26 +0x_27 +0x_28 +0x_29 <= 0
          0x_0 +0x_1 +0x_2 +1/1000x_3 -1x_4 +0x_5 +0x_6 +0x_7 +0x_8 +0x_9 +0x_10 +0x_11 +0x_12 +0x_13 +1x_14 +0x_15 +0x_16 +0x_17 +0x_18 +0x_19 +0x_20 +0x_21 +0x_22 +0x_23 +0x_24 +0x_25 +0x_26 +0x_27 +0x_28 +0x_29 <= 0
          0x_0 +0x_1 +0x_2 +1/1000x_3 +1x_4 +0x_5 +0x_6 +0x_7 +0x_8 +0x_9 +0x_10 +0x_11 +0x_12 +0x_13 +0x_14 +0x_15 +0x_16 +0x_17 +0x_18 +0x_19 +0x_20 +0x_21 +0x_22 +0x_23 +1x_24 +0x_25 +0x_26 +0x_27 +0x_28 +0x_29 <= 1
          0x_0 +0x_1 +0x_2 -1/1000x_3 -1x_4 +0x_5 +0x_6 +0x_7 +0x_8 +0x_9 +0x_10 +0x_11 +0x_12 +0x_13 +0x_14 +0x_15 +0x_16 +0x_17 +0x_18 +0x_19 +0x_20 +0x_21 +0x_22 +0x_23 -1x_24 +0x_25 +0x_26 +0x_27 +0x_28 +0x_29 <= -1
          0x_0 +0x_1 +0x_2 +0x_3 -1/1000x_4 +1x_5 +0x_6 +0x_7 +0x_8 +0x_9 +0x_10 +0x_11 +0x_12 +0x_13 +0x_14 -1x_15 +0x_16 +0x_17 +0x_18 +0x_19 +0x_20 +0x_21 +0x_22 +0x_23 +0x_24 +0x_25 +0x_26 +0x_27 +0x_28 +0x_29 <= 0
          0x_0 +0x_1 +0x_2 +0x_3 +1/1000x_4 -1x_5 +0x_6 +0x_7 +0x_8 +0x_9 +0x_10 +0x_11 +0x_12 +0x_13 +0x_14 +1x_15 +0x_16 +0x_17 +0x_18 +0x_19 +0x_20 +0x_21 +0x_22 +0x_23 +0x_24 +0x_25 +0x_26 +0x_27 +0x_28 +0x_29 <= 0
          0x_0 +0x_1 +0x_2 +0x_3 +1/1000x_4 +1x_5 +0x_6 +0x_7 +0x_8 +0x_9 +0x_10 +0x_11 +0x_12 +0x_13 +0x_14 +0x_15 +0x_16 +0x_17 +0x_18 +0x_19 +0x_20 +0x_21 +0x_22 +0x_23 +0x_24 +1x_25 +0x_26 +0x_27 +0x_28 +0x_29 <= 1
          0x_0 +0x_1 +0x_2 +0x_3 -1/1000x_4 -1x_5 +0x_6 +0x_7 +0x_8 +0x_9 +0x_10 +0x_11 +0x_12 +0x_13 +0x_14 +0x_15 +0x_16 +0x_17 +0x_18 +0x_19 +0x_20 +0x_21 +0x_22 +0x_23 +0x_24 -1x_25 +0x_26 +0x_27 +0x_28 +0x_29 <= -1
          0x_0 +0x_1 +0x_2 +0x_3 +0x_4 -1/1000x_5 +1x_6 +0x_7 +0x_8 +0x_9 +0x_10 +0x_11 +0x_12 +0x_13 +0x_14 +0x_15 -1x_16 +0x_17 +0x_18 +0x_19 +0x_20 +0x_21 +0x_22 +0x_23 +0x_24 +0x_25 +0x_26 +0x_27 +0x_28 +0x_29 <= 0
          0x_0 +0x_1 +0x_2 +0x_3 +0x_4 +1/1000x_5 -1x_6 +0x_7 +0x_8 +0x_9 +0x_10 +0x_11 +0x_12 +0x_13 +0x_14 +0x_15 +1x_16 +0x_17 +0x_18 +0x_19 +0x_20 +0x_21 +0x_22 +0x_23 +0x_24 +0x_25 +0x_26 +0x_27 +0x_28 +0x_29 <= 0
          0x_0 +0x_1 +0x_2 +0x_3 +0x_4 +1/1000x_5 +1x_6 +0x_7 +0x_8 +0x_9 +0x_10 +0x_11 +0x_12 +0x_13 +0x_14 +0x_15 +0x_16 +0x_17 +0x_18 +0x_19 +0x_20 +0x_21 +0x_22 +0x_23 +0x_24 +0x_25 +1x_26 +0x_27 +0x_28 +0x_29 <= 1
          0x_0 +0x_1 +0x_2 +0x_3 +0x_4 -1/1000x_5 -1x_6 +0x_7 +0x_8 +0x_9 +0x_10 +0x_11 +0x_12 +0x_13 +0x_14 +0x_15 +0x_16 +0x_17 +0x_18 +0x_19 +0x_20 +0x_21 +0x_22 +0x_23 +0x_24 +0x_25 -1x_26 +0x_27 +0x_28 +0x_29 <= -1
          0x_0 +0x_1 +0x_2 +0x_3 +0x_4 +0x_5 -1/1000x_6 +1x_7 +0x_8 +0x_9 +0x_10 +0x_11 +0x_12 +0x_13 +0x_14 +0x_15 +0x_16 -1x_17 +0x_18 +0x_19 +0x_20 +0x_21 +0x_22 +0x_23 +0x_24 +0x_25 +0x_26 +0x_27 +0x_28 +0x_29 <= 0
          0x_0 +0x_1 +0x_2 +0x_3 +0x_4 +0x_5 +1/1000x_6 -1x_7 +0x_8 +0x_9 +0x_10 +0x_11 +0x_12 +0x_13 +0x_14 +0x_15 +0x_16 +1x_17 +0x_18 +0x_19 +0x_20 +0x_21 +0x_22 +0x_23 +0x_24 +0x_25 +0x_26 +0x_27 +0x_28 +0x_29 <= 0
          0x_0 +0x_1 +0x_2 +0x_3 +0x_4 +0x_5 +1/1000x_6 +1x_7 +0x_8 +0x_9 +0x_10 +0x_11 +0x_12 +0x_13 +0x_14 +0x_15 +0x_16 +0x_17 +0x_18 +0x_19 +0x_20 +0x_21 +0x_22 +0x_23 +0x_24 +0x_25 +0x_26 +1x_27 +0x_28 +0x_29 <= 1
          0x_0 +0x_1 +0x_2 +0x_3 +0x_4 +0x_5 -1/1000x_6 -1x_7 +0x_8 +0x_9 +0x_10 +0x_11 +0x_12 +0x_13 +0x_14 +0x_15 +0x_16 +0x_17 +0x_18 +0x_19 +0x_20 +0x_21 +0x_22 +0x_23 +0x_24 +0x_25 +0x_26 -1x_27 +0x_28 +0x_29 <= -1
          0x_0 +0x_1 +0x_2 +0x_3 +0x_4 +0x_5 +0x_6 -1/1000x_7 +1x_8 +0x_9 +0x_10 +0x_11 +0x_12 +0x_13 +0x_14 +0x_15 +0x_16 +0x_17 -1x_18 +0x_19 +0x_20 +0x_21 +0x_22 +0x_23 +0x_24 +0x_25 +0x_26 +0x_27 +0x_28 +0x_29 <= 0
          0x_0 +0x_1 +0x_2 +0x_3 +0x_4 +0x_5 +0x_6 +1/1000x_7 -1x_8 +0x_9 +0x_10 +0x_11 +0x_12 +0x_13 +0x_14 +0x_15 +0x_16 +0x_17 +1x_18 +0x_19 +0x_20 +0x_21 +0x_22 +0x_23 +0x_24 +0x_25 +0x_26 +0x_27 +0x_28 +0x_29 <= 0
          0x_0 +0x_1 +0x_2 +0x_3 +0x_4 +0x_5 +0x_6 +1/1000x_7 +1x_8 +0x_9 +0x_10 +0x_11 +0x_12 +0x_13 +0x_14 +0x_15 +0x_16 +0x_17 +0x_18 +0x_19 +0x_20 +0x_21 +0x_22 +0x_23 +0x_24 +0x_25 +0x_26 +0x_27 +1x_28 +0x_29 <= 1
          0x_0 +0x_1 +0x_2 +0x_3 +0x_4 +0x_5 +0x_6 -1/1000x_7 -1x_8 +0x_9 +0x_10 +0x_11 +0x_12 +0x_13 +0x_14 +0x_15 +0x_16 +0x_17 +0x_18 +0x_19 +0x_20 +0x_21 +0x_22 +0x_23 +0x_24 +0x_25 +0x_26 +0x_27 -1x_28 +0x_29 <= -1
          0x_0 +0x_1 +0x_2 +0x_3 +0x_4 +0x_5 +0x_6 +0x_7 -1/1000x_8 +1x_9 +0x_10 +0x_11 +0x_12 +0x_13 +0x_14 +0x_15 +0x_16 +0x_17 +0x_18 -1x_19 +0x_20 +0x_21 +0x_22 +0x_23 +0x_24 +0x_25 +0x_26 +0x_27 +0x_28 +0x_29 <= 0
          0x_0 +0x_1 +0x_2 +0x_3 +0x_4 +0x_5 +0x_6 +0x_7 +1/1000x_8 -1x_9 +0x_10 +0x_11 +0x_12 +0x_13 +0x_14 +0x_15 +0x_16 +0x_17 +0x_18 +1x_19 +0x_20 +0x_21 +0x_22 +0x_23 +0x_24 +0x_25 +0x_26 +0x_27 +0x_28 +0x_29 <= 0
          0x_0 +0x_1 +0x_2 +0x_3 +0x_4 +0x_5 +0x_6 +0x_7 +1/1000x_8 +1x_9 +0x_10 +0x_11 +0x_12 +0x_13 +0x_14 +0x_15 +0x_16 +0x_17 +0x_18 +0x_19 +0x_20 +0x_21 +0x_22 +0x_23 +0x_24 +0x_25 +0x_26 +0x_27 +0x_28 +1x_29 <= 1
          0x_0 +0x_1 +0x_2 +0x_3 +0x_4 +0x_5 +0x_6 +0x_7 -1/1000x_8 -1x_9 +0x_10 +0x_11 +0x_12 +0x_13 +0x_14 +0x_15 +0x_16 +0x_17 +0x_18 +0x_19 +0x_20 +0x_21 +0x_22 +0x_23 +0x_24 +0x_25 +0x_26 +0x_27 +0x_28 -1x_29 <= -1
          x_0, x_1, x_2, x_3, x_4, x_5, x_6, x_7, x_8, x_9, x_10, x_11, x_12, x_13, x_14, x_15, x_16, x_17, x_18, x_19, x_20, x_21, x_22, x_23, x_24, x_25, x_26, x_27, x_28, x_29 are non-negative

The linear program is FEASIBLE
An optimal solution is x_0 = 1/1000, x_1 = 1/1000000, x_2 = 1/1000000000, x_3 = 1/1000000000000, x_4 = 1/1000000000000000, x_5 = 1/1000000000000000000, x_6 = 1/1000000000000000000000, x_7 = 1/1000000000000000000000000, x_8 = 1/1000000000000000000000000000, x_9 = 999999999999999999999999999999/1000000000000000000000000000000, x_10 = 0, x_11 = 0, x_12 = 0, x_13 = 0, x_14 = 0, x_15 = 0, x_16 = 0, x_17 = 0, x_18 = 0, x_19 = 499999999999999999999999999999/500000000000000000000000000000, x_20 = 999/1000, x_21 = 499999/500000, x_22 = 499999999/500000000, x_23 = 499999999999/500000000000, x_24 = 499999999999999/500000000000000, x_25 = 499999999999999999/500000000000000000, x_26 = 499999999999999999999/500000000000000000000, x_27 = 499999999999999999999999/500000000000000000000000, x_28 = 499999999999999999999999999/500000000000000000000000000, x_29 = 0
Optimal value : 999999999999999999999999999999/1000000000000000000000000000000
Number of pivots : 22
Pivot function used : Custom
